0 info it worked if it ends with ok
1 verbose cli [ '/usr/local/bin/node',
1 verbose cli   '/usr/local/bin/npm',
1 verbose cli   'install',
1 verbose cli   'immutable',
1 verbose cli   '--save' ]
2 info using npm@1.4.28
3 info using node@v0.10.33
4 warn package.json jshint-loader@0.8.0 No repository field.
5 verbose readDependencies using package.json deps
6 verbose cache add [ 'immutable', null ]
7 verbose cache add name=undefined spec="immutable" args=["immutable",null]
8 verbose parsed url { protocol: null,
8 verbose parsed url   slashes: null,
8 verbose parsed url   auth: null,
8 verbose parsed url   host: null,
8 verbose parsed url   port: null,
8 verbose parsed url   hostname: null,
8 verbose parsed url   hash: null,
8 verbose parsed url   search: null,
8 verbose parsed url   query: null,
8 verbose parsed url   pathname: 'immutable',
8 verbose parsed url   path: 'immutable',
8 verbose parsed url   href: 'immutable' }
9 silly lockFile 1787a901-immutable immutable
10 verbose lock immutable /Users/karlguillotte/.npm/1787a901-immutable.lock
11 silly lockFile 1787a901-immutable immutable
12 silly lockFile 1787a901-immutable immutable
13 verbose addNamed [ 'immutable', '' ]
14 verbose addNamed [ null, '*' ]
15 silly lockFile 2b79d960-immutable immutable@
16 verbose lock immutable@ /Users/karlguillotte/.npm/2b79d960-immutable.lock
17 silly addNameRange { name: 'immutable', range: '*', hasData: false }
18 verbose request where is /immutable
19 verbose request registry https://registry.npmjs.org/
20 verbose request id f31ae7c3d3bc5f8c
21 verbose url raw /immutable
22 verbose url resolving [ 'https://registry.npmjs.org/', './immutable' ]
23 verbose url resolved https://registry.npmjs.org/immutable
24 verbose request where is https://registry.npmjs.org/immutable
25 info trying registry request attempt 1 at 21:26:04
26 verbose etag "7KX1I49M6VO2I99DI8G461141"
27 http GET https://registry.npmjs.org/immutable
28 http 200 https://registry.npmjs.org/immutable
29 silly registry.get cb [ 200,
29 silly registry.get   { date: 'Fri, 16 Jan 2015 05:25:59 GMT',
29 silly registry.get     server: 'CouchDB/1.5.0 (Erlang OTP/R16B03)',
29 silly registry.get     etag: '"9JY8JWTWM9979AR740D5H86LY"',
29 silly registry.get     'content-type': 'application/json',
29 silly registry.get     'cache-control': 'max-age=60',
29 silly registry.get     'content-length': '96620',
29 silly registry.get     'accept-ranges': 'bytes',
29 silly registry.get     via: '1.1 varnish',
29 silly registry.get     age: '0',
29 silly registry.get     'x-served-by': 'cache-lax1432-LAX',
29 silly registry.get     'x-cache': 'HIT',
29 silly registry.get     'x-cache-hits': '1',
29 silly registry.get     'x-timer': 'S1421385959.419530,VS0,VE79',
29 silly registry.get     vary: 'Accept',
29 silly registry.get     'keep-alive': 'timeout=10, max=50',
29 silly registry.get     connection: 'Keep-Alive' } ]
30 silly addNameRange number 2 { name: 'immutable', range: '*', hasData: true }
31 silly addNameRange versions [ 'immutable',
31 silly addNameRange   [ '0.8.0-SNAPSHOT',
31 silly addNameRange     '0.8.0',
31 silly addNameRange     '0.9.0',
31 silly addNameRange     '0.9.1',
31 silly addNameRange     '0.9.2',
31 silly addNameRange     '1.0.0',
31 silly addNameRange     '1.1.0',
31 silly addNameRange     '1.2.0',
31 silly addNameRange     '1.3.0',
31 silly addNameRange     '1.4.0',
31 silly addNameRange     '1.5.0',
31 silly addNameRange     '1.4.1',
31 silly addNameRange     '2.0.0',
31 silly addNameRange     '2.0.1',
31 silly addNameRange     '2.0.2',
31 silly addNameRange     '2.0.3',
31 silly addNameRange     '2.0.4',
31 silly addNameRange     '2.0.5',
31 silly addNameRange     '2.0.6',
31 silly addNameRange     '2.0.7',
31 silly addNameRange     '2.0.8',
31 silly addNameRange     '2.0.9',
31 silly addNameRange     '2.0.10',
31 silly addNameRange     '2.0.11',
31 silly addNameRange     '2.0.12',
31 silly addNameRange     '2.0.13',
31 silly addNameRange     '2.0.14',
31 silly addNameRange     '2.0.15',
31 silly addNameRange     '2.0.16',
31 silly addNameRange     '2.0.17',
31 silly addNameRange     '2.1.0',
31 silly addNameRange     '2.2.1',
31 silly addNameRange     '2.2.2',
31 silly addNameRange     '2.2.3',
31 silly addNameRange     '2.3.0',
31 silly addNameRange     '2.3.1',
31 silly addNameRange     '2.3.2',
31 silly addNameRange     '2.5.0',
31 silly addNameRange     '2.5.1',
31 silly addNameRange     '2.6.0',
31 silly addNameRange     '2.6.1',
31 silly addNameRange     '2.6.2',
31 silly addNameRange     '3.0.0',
31 silly addNameRange     '3.0.1',
31 silly addNameRange     '3.0.2',
31 silly addNameRange     '3.0.3',
31 silly addNameRange     '3.1.0',
31 silly addNameRange     '3.2.0',
31 silly addNameRange     '3.2.1',
31 silly addNameRange     '3.3.0',
31 silly addNameRange     '3.4.0',
31 silly addNameRange     '3.4.1',
31 silly addNameRange     '3.5.0',
31 silly addNameRange     '3.6.0',
31 silly addNameRange     '3.6.1',
31 silly addNameRange     '3.6.2' ] ]
32 verbose addNamed [ 'immutable', '3.6.2' ]
33 verbose addNamed [ '3.6.2', '3.6.2' ]
34 silly lockFile ecdce884-immutable-3-6-2 immutable@3.6.2
35 verbose lock immutable@3.6.2 /Users/karlguillotte/.npm/ecdce884-immutable-3-6-2.lock
36 silly lockFile 7d89b330-rg-immutable-immutable-3-6-2-tgz https://registry.npmjs.org/immutable/-/immutable-3.6.2.tgz
37 verbose lock https://registry.npmjs.org/immutable/-/immutable-3.6.2.tgz /Users/karlguillotte/.npm/7d89b330-rg-immutable-immutable-3-6-2-tgz.lock
38 verbose addRemoteTarball [ 'https://registry.npmjs.org/immutable/-/immutable-3.6.2.tgz',
38 verbose addRemoteTarball   '903298d69cf2c83f975b417dad3a2a34967604ae' ]
39 info retry fetch attempt 1 at 21:26:10
40 verbose fetch to= /var/folders/cq/c8d7l1610x9dhcc7cr_2vk780000gn/T/npm-6359-oQ3nXw5X/registry.npmjs.org/immutable/-/immutable-3.6.2.tgz
41 http GET https://registry.npmjs.org/immutable/-/immutable-3.6.2.tgz
42 http 200 https://registry.npmjs.org/immutable/-/immutable-3.6.2.tgz
43 silly lockFile 7d89b330-rg-immutable-immutable-3-6-2-tgz https://registry.npmjs.org/immutable/-/immutable-3.6.2.tgz
44 silly lockFile 7d89b330-rg-immutable-immutable-3-6-2-tgz https://registry.npmjs.org/immutable/-/immutable-3.6.2.tgz
45 silly lockFile ecdce884-immutable-3-6-2 immutable@3.6.2
46 silly lockFile ecdce884-immutable-3-6-2 immutable@3.6.2
47 silly lockFile 2b79d960-immutable immutable@
48 silly lockFile 2b79d960-immutable immutable@
49 error Error: EACCES, mkdir '/Users/karlguillotte/.npm/immutable/3.6.2'
49 error  { [Error: EACCES, mkdir '/Users/karlguillotte/.npm/immutable/3.6.2']
49 error   errno: 3,
49 error   code: 'EACCES',
49 error   path: '/Users/karlguillotte/.npm/immutable/3.6.2',
49 error   parent: 'reactpropolis' }
50 error Please try running this command again as root/Administrator.
51 error System Darwin 14.0.0
52 error command "/usr/local/bin/node" "/usr/local/bin/npm" "install" "immutable" "--save"
53 error cwd /Users/karlguillotte/Documents/GitHub/react-propolis
54 error node -v v0.10.33
55 error npm -v 1.4.28
56 error path /Users/karlguillotte/.npm/immutable/3.6.2
57 error code EACCES
58 error errno 3
59 error stack Error: EACCES, mkdir '/Users/karlguillotte/.npm/immutable/3.6.2'
60 verbose exit [ 3, true ]
